<?xml version="1.0" encoding="UTF-8"?>
<!-- Generated by org.testng.reporters.JUnitXMLReporter -->
<testsuite ignored="2" hostname="DESKTOP-OU8PKGM" failures="0" tests="1" name="Default test" time="0.476" errors="0" timestamp="2024-07-18T01:12:13 CEST">
  <testcase classname="databasetest.test.StoreFunctionTesting" name="test_CustomerLevel_with_StoredProcedure" time="0.064"/>
  <testcase classname="databasetest.test.StoreFunctionTesting" name="test_storedFunctionExists" time="0.0">
    <ignored/>
  </testcase> <!-- test_storedFunctionExists -->
  <testcase classname="databasetest.test.StoreFunctionTesting" name="test_CustomerLevel_with_SQLStatement" time="0.0">
    <ignored/>
  </testcase> <!-- test_CustomerLevel_with_SQLStatement -->
</testsuite> <!-- Default test -->
