<?xml version="1.0" encoding="UTF-8"?>
<testng-results ignored="0" total="1" passed="1" failed="0" skipped="0">
  <reporter-output>
  </reporter-output>
  <suite started-at="2024-07-18T01:12:12 CEST" name="Default suite" finished-at="2024-07-18T01:12:13 CEST" duration-ms="476">
    <groups>
    </groups>
    <test started-at="2024-07-18T01:12:12 CEST" name="Default test" finished-at="2024-07-18T01:12:13 CEST" duration-ms="476">
      <class name="databasetest.test.StoreFunctionTesting">
        <test-method is-config="true" signature="dbConnectionSetup()[pri:0, instance:databasetest.test.StoreFunctionTesting@12591ac8]" started-at="2024-07-18T01:12:12 CEST" name="dbConnectionSetup" finished-at="2024-07-18T01:12:12 CEST" duration-ms="333" status="PASS">
          <reporter-output>
          </reporter-output>
        </test-method> <!-- dbConnectionSetup -->
        <test-method signature="test_CustomerLevel_with_StoredProcedure()[pri:0, instance:databasetest.test.StoreFunctionTesting@12591ac8]" started-at="2024-07-18T01:12:12 CEST" name="test_CustomerLevel_with_StoredProcedure" finished-at="2024-07-18T01:12:12 CEST" duration-ms="64" status="PASS">
          <reporter-output>
          </reporter-output>
        </test-method> <!-- test_CustomerLevel_with_StoredProcedure -->
        <test-method is-config="true" signature="tearDown()[pri:0, instance:databasetest.test.StoreFunctionTesting@12591ac8]" started-at="2024-07-18T01:12:13 CEST" name="tearDown" finished-at="2024-07-18T01:12:13 CEST" duration-ms="2" status="PASS">
          <reporter-output>
          </reporter-output>
        </test-method> <!-- tearDown -->
      </class> <!-- databasetest.test.StoreFunctionTesting -->
    </test> <!-- Default test -->
  </suite> <!-- Default suite -->
</testng-results>
